0 info it worked if it ends with ok
1 verbose cli [ '/Users/toretge/.nvm/versions/node/v4.1.1/bin/node',
1 verbose cli   '/Users/toretge/.nvm/versions/node/v4.1.1/bin/npm',
1 verbose cli   'start' ]
2 info using npm@3.5.2
3 info using node@v4.1.1
4 verbose run-script [ 'prestart', 'start', 'poststart' ]
5 info lifecycle motusDash@1.0.0~prestart: motusDash@1.0.0
6 silly lifecycle motusDash@1.0.0~prestart: no script for prestart, continuing
7 info lifecycle motusDash@1.0.0~start: motusDash@1.0.0
8 verbose lifecycle motusDash@1.0.0~start: unsafe-perm in lifecycle true
9 verbose lifecycle motusDash@1.0.0~start: PATH: /Users/toretge/.nvm/versions/node/v4.1.1/lib/node_modules/npm/bin/node-gyp-bin:/Users/toretge/Development/baseballpitch/node_modules/.bin:/usr/local/heroku/bin:/Users/toretge/.nvm/versions/node/v4.1.1/bin:/Users/toretge/.rvm/gems/ruby-1.9.3-p392/bin:/Users/toretge/.rvm/gems/ruby-1.9.3-p392@global/bin:/Users/toretge/.rvm/rubies/ruby-1.9.3-p392/bin:/usr/bin:/bin:/usr/sbin:/sbin:/usr/local/bin:~/github/Apprunner:/usr/local/git/bin:/Users/toretge/.rvm/bin:/usr/local/ec2/ec2-api-tools-1.7.0.2/bin:/Users/toretge/apps/AppRunner:/Users/toretge/Development/adt-bundle-mac-x86_64-20140702/sdk/tools:/Users/toretge/Development/adt-bundle-mac-x86_64-20140702/sdk/platform-tools
10 verbose lifecycle motusDash@1.0.0~start: CWD: /Users/toretge/Development/baseballpitch
11 silly lifecycle motusDash@1.0.0~start: Args: [ '-c', 'gulp' ]
12 silly lifecycle motusDash@1.0.0~start: Returned: code: 1  signal: null
13 info lifecycle motusDash@1.0.0~start: Failed to exec start script
14 verbose stack Error: motusDash@1.0.0 start: `gulp`
14 verbose stack Exit status 1
14 verbose stack     at EventEmitter.<anonymous> (/Users/toretge/.nvm/versions/node/v4.1.1/lib/node_modules/npm/lib/utils/lifecycle.js:232:16)
14 verbose stack     at emitTwo (events.js:87:13)
14 verbose stack     at EventEmitter.emit (events.js:172:7)
14 verbose stack     at ChildProcess.<anonymous> (/Users/toretge/.nvm/versions/node/v4.1.1/lib/node_modules/npm/lib/utils/spawn.js:24:14)
14 verbose stack     at emitTwo (events.js:87:13)
14 verbose stack     at ChildProcess.emit (events.js:172:7)
14 verbose stack     at maybeClose (internal/child_process.js:817:16)
14 verbose stack     at Process.ChildProcess._handle.onexit (internal/child_process.js:211:5)
15 verbose pkgid motusDash@1.0.0
16 verbose cwd /Users/toretge/Development/baseballpitch
17 error Darwin 14.5.0
18 error argv "/Users/toretge/.nvm/versions/node/v4.1.1/bin/node" "/Users/toretge/.nvm/versions/node/v4.1.1/bin/npm" "start"
19 error node v4.1.1
20 error npm  v3.5.2
21 error code ELIFECYCLE
22 error motusDash@1.0.0 start: `gulp`
22 error Exit status 1
23 error Failed at the motusDash@1.0.0 start script 'gulp'.
23 error Make sure you have the latest version of node.js and npm installed.
23 error If you do, this is most likely a problem with the motusDash package,
23 error not with npm itself.
23 error Tell the author that this fails on your system:
23 error     gulp
23 error You can get information on how to open an issue for this project with:
23 error     npm bugs motusDash
23 error Or if that isn't available, you can get their info via:
23 error     npm owner ls motusDash
23 error There is likely additional logging output above.
24 verbose exit [ 1, true ]
